<?xml version="1.0" encoding="UTF-8"?>
<testng-results ignored="0" total="1" passed="1" failed="0" skipped="0">
  <reporter-output>
  </reporter-output>
  <suite started-at="2024-10-09T23:00:13 IST" name="Default suite" finished-at="2024-10-09T23:00:42 IST" duration-ms="28129">
    <groups>
    </groups>
    <test started-at="2024-10-09T23:00:13 IST" name="Default test" finished-at="2024-10-09T23:00:42 IST" duration-ms="28129">
      <class name="AutoHeal">
        <test-method is-config="true" signature="setup(java.lang.reflect.Method,org.testng.ITestContext)[pri:0, instance:AutoHeal@795cd85e]" started-at="2024-10-09T23:00:13 IST" name="setup" finished-at="2024-10-09T23:00:25 IST" duration-ms="11938" status="PASS">
          <params>
            <param index="0">
              <value>
                <![CDATA[public void AutoHeal.basicTest() throws java.lang.InterruptedException]]>
              </value>
            </param>
            <param index="1">
              <value>
                <![CDATA[org.testng.TestRunner@f8f56b9]]>
              </value>
            </param>
          </params>
          <reporter-output>
          </reporter-output>
        </test-method> <!-- setup -->
        <test-method signature="basicTest()[pri:0, instance:AutoHeal@795cd85e]" started-at="2024-10-09T23:00:25 IST" name="basicTest" finished-at="2024-10-09T23:00:39 IST" duration-ms="13558" status="PASS">
          <reporter-output>
          </reporter-output>
        </test-method> <!-- basicTest -->
        <test-method is-config="true" signature="tearDown()[pri:0, instance:AutoHeal@795cd85e]" started-at="2024-10-09T23:00:39 IST" name="tearDown" finished-at="2024-10-09T23:00:42 IST" duration-ms="2572" status="PASS">
          <reporter-output>
          </reporter-output>
        </test-method> <!-- tearDown -->
      </class> <!-- AutoHeal -->
    </test> <!-- Default test -->
  </suite> <!-- Default suite -->
</testng-results>
